<?xml version="1.0" encoding="UTF-8"?>
<!-- Generated by org.testng.reporters.JUnitReportReporter -->
<testsuite hostname="xen-482" name="com.learning.uiautomation.BhanuClasses.homepage.TC001_VerifyLoginWithInvalidCredentials" tests="1" failures="0" timestamp="17 Jul 2017 08:28:58 GMT" time="6.084" errors="0">
  <testcase name="verifyLoginWithInvalidCredentials" time="6.084" classname="com.learning.uiautomation.BhanuClasses.homepage.TC001_VerifyLoginWithInvalidCredentials"/>
</testsuite> <!-- com.learning.uiautomation.BhanuClasses.homepage.TC001_VerifyLoginWithInvalidCredentials -->
